0 info it worked if it ends with ok
1 verbose cli [ '/usr/local/bin/node', '/usr/local/bin/npm', 'install' ]
2 info using npm@2.14.12
3 info using node@v4.2.4
4 verbose readDependencies loading dependencies from /Users/user/meanSurvey/package.json
5 verbose install where, deps [ '/Users/user/meanSurvey',
5 verbose install   [ 'body-parser',
5 verbose install     'cookie-parser',
5 verbose install     'debug',
5 verbose install     'express',
5 verbose install     'jade',
5 verbose install     'morgan',
5 verbose install     'serve-favicon',
5 verbose install     'kerberos',
5 verbose install     'mongodb',
5 verbose install     'monk',
5 verbose install     'express-session',
5 verbose install     'connect-mongodb-session' ] ]
6 verbose install where, peers [ '/Users/user/meanSurvey', [] ]
7 verbose installManyTop reading for lifecycle /Users/user/meanSurvey/package.json
8 info preinstall meanSurvey@0.0.0
9 verbose installManyTop reading scoped package data from /Users/user/meanSurvey/node_modules/body-parser/package.json
10 verbose installManyTop reading scoped package data from /Users/user/meanSurvey/node_modules/connect-mongodb-session/package.json
11 verbose installManyTop reading scoped package data from /Users/user/meanSurvey/node_modules/cookie-parser/package.json
12 verbose installManyTop reading scoped package data from /Users/user/meanSurvey/node_modules/debug/package.json
13 verbose installManyTop reading scoped package data from /Users/user/meanSurvey/node_modules/express/package.json
14 verbose installManyTop reading scoped package data from /Users/user/meanSurvey/node_modules/express-session/package.json
15 verbose installManyTop reading scoped package data from /Users/user/meanSurvey/node_modules/jade/package.json
16 verbose installManyTop reading scoped package data from /Users/user/meanSurvey/node_modules/mongodb/package.json
17 verbose installManyTop reading scoped package data from /Users/user/meanSurvey/node_modules/monk/package.json
18 verbose installManyTop reading scoped package data from /Users/user/meanSurvey/node_modules/morgan/package.json
19 verbose installManyTop reading scoped package data from /Users/user/meanSurvey/node_modules/serve-favicon/package.json
20 info package.json monk@1.0.1 No license field.
21 info package.json connect-mongodb-session@1.1.0 No license field.
22 verbose readDependencies loading dependencies from /Users/user/meanSurvey/package.json
23 verbose targetResolver reading package data from /Users/user/meanSurvey/node_modules/body-parser/package.json
24 verbose targetResolver reading package data from /Users/user/meanSurvey/node_modules/connect-mongodb-session/package.json
25 verbose targetResolver reading package data from /Users/user/meanSurvey/node_modules/cookie-parser/package.json
26 verbose targetResolver reading package data from /Users/user/meanSurvey/node_modules/debug/package.json
27 verbose targetResolver reading package data from /Users/user/meanSurvey/node_modules/express/package.json
28 verbose targetResolver reading package data from /Users/user/meanSurvey/node_modules/express-session/package.json
29 verbose targetResolver reading package data from /Users/user/meanSurvey/node_modules/jade/package.json
30 verbose targetResolver reading package data from /Users/user/meanSurvey/node_modules/mongodb/package.json
31 verbose targetResolver reading package data from /Users/user/meanSurvey/node_modules/monk/package.json
32 verbose targetResolver reading package data from /Users/user/meanSurvey/node_modules/morgan/package.json
33 verbose targetResolver reading package data from /Users/user/meanSurvey/node_modules/serve-favicon/package.json
34 verbose targetResolver reading package data from /Users/user/meanSurvey/node_modules/.bin/jade/package.json
35 silly cache add args [ 'monk@1.0.2', null ]
36 verbose cache add spec monk@1.0.2
37 silly cache add parsed spec Result {
37 silly cache add   raw: 'monk@1.0.2',
37 silly cache add   scope: null,
37 silly cache add   name: 'monk',
37 silly cache add   rawSpec: '1.0.2',
37 silly cache add   spec: '1.0.2',
37 silly cache add   type: 'version' }
38 silly addNamed monk@1.0.2
39 verbose addNamed "1.0.2" is a plain semver version for monk
40 silly mapToRegistry name monk
41 silly mapToRegistry using default registry
42 silly mapToRegistry registry https://registry.npmjs.org/
43 silly mapToRegistry uri https://registry.npmjs.org/monk
44 verbose addNameVersion registry:https://registry.npmjs.org/monk not in flight; fetching
45 silly cache add args [ 'express-session@latest', null ]
46 verbose cache add spec express-session@latest
47 silly cache add args [ 'connect-mongodb-session@latest', null ]
48 verbose cache add spec connect-mongodb-session@latest
49 verbose already installed skipping body-parser@~1.13.2 /Users/user/meanSurvey
50 verbose already installed skipping cookie-parser@~1.3.5 /Users/user/meanSurvey
51 verbose already installed skipping debug@~2.2.0 /Users/user/meanSurvey
52 verbose already installed skipping express@~4.13.1 /Users/user/meanSurvey
53 verbose already installed skipping jade@~1.11.0 /Users/user/meanSurvey
54 verbose already installed skipping morgan@~1.6.1 /Users/user/meanSurvey
55 verbose already installed skipping serve-favicon@~2.3.0 /Users/user/meanSurvey
56 silly cache add args [ 'kerberos@*', null ]
57 verbose cache add spec kerberos@*
58 silly cache add parsed spec Result {
58 silly cache add   raw: 'kerberos@*',
58 silly cache add   scope: null,
58 silly cache add   name: 'kerberos',
58 silly cache add   rawSpec: '*',
58 silly cache add   spec: '*',
58 silly cache add   type: 'range' }
59 silly addNamed kerberos@*
60 verbose addNamed "*" is a valid semver range for kerberos
61 silly addNameRange { name: 'kerberos', range: '*', hasData: false }
62 silly mapToRegistry name kerberos
63 silly mapToRegistry using default registry
64 silly mapToRegistry registry https://registry.npmjs.org/
65 silly mapToRegistry uri https://registry.npmjs.org/kerberos
66 verbose addNameRange registry:https://registry.npmjs.org/kerberos not in flight; fetching
67 verbose already installed skipping mongodb@* /Users/user/meanSurvey
68 silly cache add parsed spec Result {
68 silly cache add   raw: 'express-session@latest',
68 silly cache add   scope: null,
68 silly cache add   name: 'express-session',
68 silly cache add   rawSpec: 'latest',
68 silly cache add   spec: 'latest',
68 silly cache add   type: 'tag' }
69 silly addNamed express-session@latest
70 verbose addNamed "latest" is being treated as a dist-tag for express-session
71 info addNameTag [ 'express-session', 'latest' ]
72 silly mapToRegistry name express-session
73 silly mapToRegistry using default registry
74 silly mapToRegistry registry https://registry.npmjs.org/
75 silly mapToRegistry uri https://registry.npmjs.org/express-session
76 verbose addNameTag registry:https://registry.npmjs.org/express-session not in flight; fetching
77 silly cache add parsed spec Result {
77 silly cache add   raw: 'connect-mongodb-session@latest',
77 silly cache add   scope: null,
77 silly cache add   name: 'connect-mongodb-session',
77 silly cache add   rawSpec: 'latest',
77 silly cache add   spec: 'latest',
77 silly cache add   type: 'tag' }
78 silly addNamed connect-mongodb-session@latest
79 verbose addNamed "latest" is being treated as a dist-tag for connect-mongodb-session
80 info addNameTag [ 'connect-mongodb-session', 'latest' ]
81 silly mapToRegistry name connect-mongodb-session
82 silly mapToRegistry using default registry
83 silly mapToRegistry registry https://registry.npmjs.org/
84 silly mapToRegistry uri https://registry.npmjs.org/connect-mongodb-session
85 verbose addNameTag registry:https://registry.npmjs.org/connect-mongodb-session not in flight; fetching
86 verbose request uri https://registry.npmjs.org/monk
87 verbose request no auth needed
88 info attempt registry request try #1 at 11:21:10 AM
89 verbose request id f607879e3e1817e9
90 verbose etag "GQQSHER9ZD1FKZMXB83RTWIL"
91 http request GET https://registry.npmjs.org/monk
92 verbose request uri https://registry.npmjs.org/kerberos
93 verbose request no auth needed
94 info attempt registry request try #1 at 11:21:10 AM
95 verbose etag "6VFVMR0KMOGBW4WYXSP9LEM3"
96 http request GET https://registry.npmjs.org/kerberos
97 verbose request uri https://registry.npmjs.org/connect-mongodb-session
98 verbose request no auth needed
99 info attempt registry request try #1 at 11:21:10 AM
100 verbose etag "4DNAP4DG7B94Y0MAIQZ5QJPXX"
101 http request GET https://registry.npmjs.org/connect-mongodb-session
102 verbose request uri https://registry.npmjs.org/express-session
103 verbose request no auth needed
104 info attempt registry request try #1 at 11:21:10 AM
105 verbose etag "1AJOP81JUQB9WMTBLFS54GZKQ"
106 http request GET https://registry.npmjs.org/express-session
107 http 304 https://registry.npmjs.org/kerberos
108 verbose headers { date: 'Tue, 19 Jan 2016 16:21:10 GMT',
108 verbose headers   via: '1.1 varnish',
108 verbose headers   'cache-control': 'max-age=300',
108 verbose headers   etag: '"6VFVMR0KMOGBW4WYXSP9LEM3"',
108 verbose headers   age: '226',
108 verbose headers   connection: 'keep-alive',
108 verbose headers   'x-served-by': 'cache-atl6230-ATL',
108 verbose headers   'x-cache': 'HIT',
108 verbose headers   'x-cache-hits': '2',
108 verbose headers   'x-timer': 'S1453220470.657942,VS0,VE0',
108 verbose headers   vary: 'Accept' }
109 silly get cb [ 304,
109 silly get   { date: 'Tue, 19 Jan 2016 16:21:10 GMT',
109 silly get     via: '1.1 varnish',
109 silly get     'cache-control': 'max-age=300',
109 silly get     etag: '"6VFVMR0KMOGBW4WYXSP9LEM3"',
109 silly get     age: '226',
109 silly get     connection: 'keep-alive',
109 silly get     'x-served-by': 'cache-atl6230-ATL',
109 silly get     'x-cache': 'HIT',
109 silly get     'x-cache-hits': '2',
109 silly get     'x-timer': 'S1453220470.657942,VS0,VE0',
109 silly get     vary: 'Accept' } ]
110 verbose etag https://registry.npmjs.org/kerberos from cache
111 verbose get saving kerberos to /Users/user/.npm/registry.npmjs.org/kerberos/.cache.json
112 http 200 https://registry.npmjs.org/monk
113 verbose headers { server: 'CouchDB/1.5.0 (Erlang OTP/R16B03)',
113 verbose headers   etag: '"D4RKZ5AXYWCJ7H29TSBMTVPGP"',
113 verbose headers   'content-type': 'application/json',
113 verbose headers   'cache-control': 'max-age=300',
113 verbose headers   'content-length': '28648',
113 verbose headers   'accept-ranges': 'bytes',
113 verbose headers   date: 'Tue, 19 Jan 2016 16:21:10 GMT',
113 verbose headers   via: '1.1 varnish',
113 verbose headers   age: '0',
113 verbose headers   connection: 'keep-alive',
113 verbose headers   'x-served-by': 'cache-atl6223-ATL',
113 verbose headers   'x-cache': 'HIT',
113 verbose headers   'x-cache-hits': '1',
113 verbose headers   'x-timer': 'S1453220470.626412,VS0,VE28',
113 verbose headers   vary: 'Accept' }
114 silly get cb [ 200,
114 silly get   { server: 'CouchDB/1.5.0 (Erlang OTP/R16B03)',
114 silly get     etag: '"D4RKZ5AXYWCJ7H29TSBMTVPGP"',
114 silly get     'content-type': 'application/json',
114 silly get     'cache-control': 'max-age=300',
114 silly get     'content-length': '28648',
114 silly get     'accept-ranges': 'bytes',
114 silly get     date: 'Tue, 19 Jan 2016 16:21:10 GMT',
114 silly get     via: '1.1 varnish',
114 silly get     age: '0',
114 silly get     connection: 'keep-alive',
114 silly get     'x-served-by': 'cache-atl6223-ATL',
114 silly get     'x-cache': 'HIT',
114 silly get     'x-cache-hits': '1',
114 silly get     'x-timer': 'S1453220470.626412,VS0,VE28',
114 silly get     vary: 'Accept' } ]
115 verbose get saving monk to /Users/user/.npm/registry.npmjs.org/monk/.cache.json
116 silly addNameRange number 2 { name: 'kerberos', range: '*', hasData: true }
117 silly addNameRange versions [ 'kerberos',
117 silly addNameRange   [ '0.0.1',
117 silly addNameRange     '0.0.2',
117 silly addNameRange     '0.0.3',
117 silly addNameRange     '0.0.4',
117 silly addNameRange     '0.0.5',
117 silly addNameRange     '0.0.6',
117 silly addNameRange     '0.0.7',
117 silly addNameRange     '0.0.8',
117 silly addNameRange     '0.0.9',
117 silly addNameRange     '0.0.10',
117 silly addNameRange     '0.0.11',
117 silly addNameRange     '0.0.12',
117 silly addNameRange     '0.0.14',
117 silly addNameRange     '0.0.15',
117 silly addNameRange     '0.0.16',
117 silly addNameRange     '0.0.17' ] ]
118 silly addNamed kerberos@0.0.17
119 verbose addNamed "0.0.17" is a plain semver version for kerberos
120 silly cache afterAdd kerberos@0.0.17
121 verbose afterAdd /Users/user/.npm/kerberos/0.0.17/package/package.json not in flight; writing
122 verbose afterAdd /Users/user/.npm/kerberos/0.0.17/package/package.json written
123 http 200 https://registry.npmjs.org/express-session
124 verbose headers { server: 'CouchDB/1.5.0 (Erlang OTP/R16B03)',
124 verbose headers   etag: '"30YK0KZ0XI8X57KOSM7QZFBD0"',
124 verbose headers   'content-type': 'application/json',
124 verbose headers   'cache-control': 'max-age=300',
124 verbose headers   'content-length': '100576',
124 verbose headers   'accept-ranges': 'bytes',
124 verbose headers   date: 'Tue, 19 Jan 2016 16:21:10 GMT',
124 verbose headers   via: '1.1 varnish',
124 verbose headers   age: '124',
124 verbose headers   connection: 'keep-alive',
124 verbose headers   'x-served-by': 'cache-atl6232-ATL',
124 verbose headers   'x-cache': 'HIT',
124 verbose headers   'x-cache-hits': '3',
124 verbose headers   'x-timer': 'S1453220470.658328,VS0,VE0',
124 verbose headers   vary: 'Accept' }
125 silly get cb [ 200,
125 silly get   { server: 'CouchDB/1.5.0 (Erlang OTP/R16B03)',
125 silly get     etag: '"30YK0KZ0XI8X57KOSM7QZFBD0"',
125 silly get     'content-type': 'application/json',
125 silly get     'cache-control': 'max-age=300',
125 silly get     'content-length': '100576',
125 silly get     'accept-ranges': 'bytes',
125 silly get     date: 'Tue, 19 Jan 2016 16:21:10 GMT',
125 silly get     via: '1.1 varnish',
125 silly get     age: '124',
125 silly get     connection: 'keep-alive',
125 silly get     'x-served-by': 'cache-atl6232-ATL',
125 silly get     'x-cache': 'HIT',
125 silly get     'x-cache-hits': '3',
125 silly get     'x-timer': 'S1453220470.658328,VS0,VE0',
125 silly get     vary: 'Accept' } ]
126 verbose get saving express-session to /Users/user/.npm/registry.npmjs.org/express-session/.cache.json
127 http 304 https://registry.npmjs.org/connect-mongodb-session
128 verbose headers { date: 'Tue, 19 Jan 2016 16:21:10 GMT',
128 verbose headers   via: '1.1 varnish',
128 verbose headers   'cache-control': 'max-age=300',
128 verbose headers   etag: '"4DNAP4DG7B94Y0MAIQZ5QJPXX"',
128 verbose headers   age: '0',
128 verbose headers   connection: 'keep-alive',
128 verbose headers   'x-served-by': 'cache-atl6234-ATL',
128 verbose headers   'x-cache': 'HIT',
128 verbose headers   'x-cache-hits': '1',
128 verbose headers   'x-timer': 'S1453220470.659821,VS0,VE93',
128 verbose headers   vary: 'Accept' }
129 silly get cb [ 304,
129 silly get   { date: 'Tue, 19 Jan 2016 16:21:10 GMT',
129 silly get     via: '1.1 varnish',
129 silly get     'cache-control': 'max-age=300',
129 silly get     etag: '"4DNAP4DG7B94Y0MAIQZ5QJPXX"',
129 silly get     age: '0',
129 silly get     connection: 'keep-alive',
129 silly get     'x-served-by': 'cache-atl6234-ATL',
129 silly get     'x-cache': 'HIT',
129 silly get     'x-cache-hits': '1',
129 silly get     'x-timer': 'S1453220470.659821,VS0,VE93',
129 silly get     vary: 'Accept' } ]
130 verbose etag https://registry.npmjs.org/connect-mongodb-session from cache
131 verbose get saving connect-mongodb-session to /Users/user/.npm/registry.npmjs.org/connect-mongodb-session/.cache.json
132 silly addNameTag next cb for connect-mongodb-session with tag latest
133 silly addNamed connect-mongodb-session@1.1.0
134 verbose addNamed "1.1.0" is a plain semver version for connect-mongodb-session
135 silly addNameTag next cb for express-session with tag latest
136 silly addNamed express-session@1.13.0
137 verbose addNamed "1.13.0" is a plain semver version for express-session
138 silly cache afterAdd connect-mongodb-session@1.1.0
139 verbose afterAdd /Users/user/.npm/connect-mongodb-session/1.1.0/package/package.json not in flight; writing
140 silly cache afterAdd express-session@1.13.0
141 verbose afterAdd /Users/user/.npm/express-session/1.13.0/package/package.json not in flight; writing
142 verbose afterAdd /Users/user/.npm/connect-mongodb-session/1.1.0/package/package.json written
143 info already installed connect-mongodb-session@1.1.0
144 verbose afterAdd /Users/user/.npm/express-session/1.13.0/package/package.json written
145 info already installed express-session@1.13.0
146 verbose stack Error: version not found: monk@1.0.2
146 verbose stack     at setData (/usr/local/lib/node_modules/npm/lib/cache/add-named.js:137:12)
146 verbose stack     at RES (/usr/local/lib/node_modules/npm/node_modules/inflight/inflight.js:23:14)
146 verbose stack     at f (/usr/local/lib/node_modules/npm/node_modules/once/once.js:17:25)
146 verbose stack     at fixName (/usr/local/lib/node_modules/npm/lib/cache/add-named.js:29:5)
146 verbose stack     at saved (/usr/local/lib/node_modules/npm/lib/cache/caching-client.js:173:7)
146 verbose stack     at /usr/local/lib/node_modules/npm/node_modules/graceful-fs/polyfills.js:210:7
146 verbose stack     at FSReqWrap.oncomplete (fs.js:82:15)
147 verbose statusCode 404
148 verbose cwd /Users/user/meanSurvey
149 error Darwin 14.5.0
150 error argv "/usr/local/bin/node" "/usr/local/bin/npm" "install"
151 error node v4.2.4
152 error npm  v2.14.12
153 error version not found: monk@1.0.2
154 error If you need help, you may report this error at:
154 error     <https://github.com/npm/npm/issues>
155 verbose exit [ 1, true ]
